[01m[K/home/daniel/controlador_multiples/src/controlador_multiple.cpp:[m[K In member function â€˜[01m[Kvoid ControladorMesas::[01;32m[KiniciarNavegacion[m[K()[m[Kâ€™:
[01m[K/home/daniel/controlador_multiples/src/controlador_multiple.cpp:381:14:[m[K [01;31m[Kerror: [m[Kâ€˜[01m[Knav2Disponible[m[Kâ€™ was not declared in this scope
  381 |         if (![01;31m[Knav2Disponible[m[K()) {
      |              [01;31m[K^~~~~~~~~~~~~~[m[K
[01m[K/home/daniel/controlador_multiples/src/controlador_multiple.cpp:[m[K In member function â€˜[01m[Kvoid ControladorMesas::[01;32m[KavanzarModoAutomatico[m[K()[m[Kâ€™:
[01m[K/home/daniel/controlador_multiples/src/controlador_multiple.cpp:585:28:[m[K [01;35m[Kwarning: [m[Kempty parentheses were disambiguated as a function declaration [[01;35m[K]8;;https://gcc.gnu.org/onlinedocs/gcc/Warning-Options.html#index-Wvexing-parse-Wvexing-parse]8;;[m[K]
  585 |         bool nav2Disponible[01;35m[K()[m[K
      |                            [01;35m[K^~[m[K
[01m[K/home/daniel/controlador_multiples/src/controlador_multiple.cpp:585:28:[m[K [01;36m[Knote: [m[Kremove parentheses to default-initialize a variable
  585 |         bool nav2Disponible[01;36m[K()[m[K
      |                            [01;36m[K^~[m[K
      |                            [31m[K--[m[K
[01m[K/home/daniel/controlador_multiples/src/controlador_multiple.cpp:585:28:[m[K [01;36m[Knote: [m[Kor replace parentheses with braces to value-initialize a variable
[01m[K/home/daniel/controlador_multiples/src/controlador_multiple.cpp:586:1:[m[K [01;31m[Kerror: [m[Ka function-definition is not allowed here before â€˜[01m[K{[m[Kâ€™ token
  586 | [01;31m[K{[m[K
      | [01;31m[K^[m[K
gmake[2]: *** [CMakeFiles/controlador_multiple.dir/build.make:76: CMakeFiles/controlador_multiple.dir/src/controlador_multiple.cpp.o] Error 1
gmake[1]: *** [CMakeFiles/Makefile2:137: CMakeFiles/controlador_multiple.dir/all] Error 2
gmake: *** [Makefile:146: all] Error 2
