[0.021s] Invoking command in '/home/daniel/controlador_multiples/build/controlador_multiples': CMAKE_PREFIX_PATH=${CMAKE_PREFIX_PATH}:/home/daniel/danbot_v1_ws/install/controlador_motores_v2:/home/daniel/danbot_v1_ws/install/controlador_motores_v1:/home/daniel/danbot_v1_ws/install/cinematica_v1:/opt/ros/jazzy DEBUGINFOD_URLS=https://debuginfod.ubuntu.com /usr/bin/cmake --build /home/daniel/controlador_multiples/build/controlador_multiples -- -j4 -l4
[0.131s] [ 50%] [32mBuilding CXX object CMakeFiles/controlador_multiple.dir/src/controlador_multiple.cpp.o[0m
[5.006s] [01m[K/home/daniel/controlador_multiples/src/controlador_multiple.cpp:[m[K In constructor â€˜[01m[KControladorMesas::[01;32m[KControladorMesas[m[K()[m[Kâ€™:
[5.008s] [01m[K/home/daniel/controlador_multiples/src/controlador_multiple.cpp:58:1:[m[K [01;31m[Kerror: [m[Kâ€˜[01m[Kodom[m[Kâ€™ was not declared in this scope
[5.008s]    58 | [01;31m[Kodom[m[K
[5.008s]       | [01;31m[K^~~~[m[K
[15.101s] gmake[2]: *** [CMakeFiles/controlador_multiple.dir/build.make:76: CMakeFiles/controlador_multiple.dir/src/controlador_multiple.cpp.o] Error 1
[15.102s] gmake[1]: *** [CMakeFiles/Makefile2:137: CMakeFiles/controlador_multiple.dir/all] Error 2
[15.102s] gmake: *** [Makefile:146: all] Error 2
[15.105s] Invoked command in '/home/daniel/controlador_multiples/build/controlador_multiples' returned '2': CMAKE_PREFIX_PATH=${CMAKE_PREFIX_PATH}:/home/daniel/danbot_v1_ws/install/controlador_motores_v2:/home/daniel/danbot_v1_ws/install/controlador_motores_v1:/home/daniel/danbot_v1_ws/install/cinematica_v1:/opt/ros/jazzy DEBUGINFOD_URLS=https://debuginfod.ubuntu.com /usr/bin/cmake --build /home/daniel/controlador_multiples/build/controlador_multiples -- -j4 -l4
