[01m[K/home/daniel/controlador_multiples/src/controlador_multiple.cpp:[m[K In lambda function:
[01m[K/home/daniel/controlador_multiples/src/controlador_multiple.cpp:171:15:[m[K [01;31m[Kerror: [m[Kâ€˜[01m[Kclass ControladorMesas[m[Kâ€™ has no member named â€˜[01m[Kget_node_timers[m[Kâ€™; did you mean â€˜[01m[Kget_node_names[m[Kâ€™?
  171 |         this->[01;31m[Kget_node_timers[m[K()[0]->cancel();
      |               [01;31m[K^~~~~~~~~~~~~~~[m[K
      |               [32m[Kget_node_names[m[K
In file included from [01m[K/opt/ros/jazzy/include/rclcpp/rclcpp/client.hpp:42[m[K,
                 from [01m[K/opt/ros/jazzy/include/rclcpp/rclcpp/callback_group.hpp:24[m[K,
                 from [01m[K/opt/ros/jazzy/include/rclcpp/rclcpp/any_executable.hpp:20[m[K,
                 from [01m[K/opt/ros/jazzy/include/rclcpp/rclcpp/memory_strategy.hpp:25[m[K,
                 from [01m[K/opt/ros/jazzy/include/rclcpp/rclcpp/memory_strategies.hpp:18[m[K,
                 from [01m[K/opt/ros/jazzy/include/rclcpp/rclcpp/executor_options.hpp:22[m[K,
                 from [01m[K/opt/ros/jazzy/include/rclcpp/rclcpp/executor.hpp:38[m[K,
                 from [01m[K/opt/ros/jazzy/include/rclcpp/rclcpp/executors/multi_threaded_executor.hpp:25[m[K,
                 from [01m[K/opt/ros/jazzy/include/rclcpp/rclcpp/executors.hpp:21[m[K,
                 from [01m[K/opt/ros/jazzy/include/rclcpp/rclcpp/rclcpp.hpp:172[m[K,
                 from [01m[K/home/daniel/controlador_multiples/src/controlador_multiple.cpp:7[m[K:
/opt/ros/jazzy/include/rclcpp/rclcpp/function_traits.hpp: In instantiation of â€˜[01m[Kstruct rclcpp::function_traits::function_traits<void (ControladorMesas::ControladorMesas()::<lambda()>::*)()>[m[Kâ€™:
[01m[K/opt/ros/jazzy/include/rclcpp/rclcpp/function_traits.hpp:51:9:[m[K   required from â€˜[01m[Kstruct rclcpp::function_traits::function_traits<ControladorMesas::ControladorMesas()::<lambda()> >[m[Kâ€™
[01m[K/opt/ros/jazzy/include/rclcpp/rclcpp/function_traits.hpp:165:8:[m[K   required from â€˜[01m[Kstruct rclcpp::function_traits::same_arguments<ControladorMesas::ControladorMesas()::<lambda()>, std::function<void()> >[m[Kâ€™
[01m[K/opt/ros/jazzy/include/rclcpp/rclcpp/timer.hpp:220:80:[m[K   required by substitution of â€˜[01m[Ktemplate<class DurationRepT, class DurationT, class CallbackT> typename rclcpp::WallTimer<CallbackT>::SharedPtr rclcpp::Node::[01;32m[Kcreate_wall_timer[m[K(std::chrono::duration<_Rep1, _Period1>, CallbackT, rclcpp::CallbackGroup::SharedPtr, bool) [35m[K[with DurationRepT = long int; DurationT = std::ratio<1, 1000>; CallbackT = ControladorMesas::ControladorMesas()::<lambda()>][m[K[m[Kâ€™
[01m[K/home/daniel/controlador_multiples/src/controlador_multiple.cpp:151:48:[m[K   required from here
[01m[K/opt/ros/jazzy/include/rclcpp/rclcpp/function_traits.hpp:52:40:[m[K [01;31m[Kerror: [m[Kâ€˜[01m[Koperator()[m[Kâ€™ is not a member of â€˜[01m[Kvoid (ControladorMesas::ControladorMesas()::<lambda()>::*)()[m[Kâ€™
   52 |     typename function_traits<decltype( [01;31m[K&FunctionT::operator()[m[K)>::arguments>::type;
      |                                        [01;31m[K^~~~~~~~~~~~~~~~~~~~~~[m[K
[01m[K/opt/ros/jazzy/include/rclcpp/rclcpp/function_traits.hpp:52:40:[m[K [01;31m[Kerror: [m[Kâ€˜[01m[Koperator()[m[Kâ€™ is not a member of â€˜[01m[Kvoid (ControladorMesas::ControladorMesas()::<lambda()>::*)()[m[Kâ€™
[01m[K/opt/ros/jazzy/include/rclcpp/rclcpp/function_traits.hpp:52:40:[m[K [01;31m[Kerror: [m[Kâ€˜[01m[Koperator()[m[Kâ€™ is not a member of â€˜[01m[Kvoid (ControladorMesas::ControladorMesas()::<lambda()>::*)()[m[Kâ€™
[01m[K/home/daniel/controlador_multiples/src/controlador_multiple.cpp:[m[K In constructor â€˜[01m[KControladorMesas::[01;32m[KControladorMesas[m[K()[m[Kâ€™:
[01m[K/home/daniel/controlador_multiples/src/controlador_multiple.cpp:151:48:[m[K [01;31m[Kerror: [m[Kno matching function for call to â€˜[01m[KControladorMesas::create_wall_timer(std::chrono::milliseconds, ControladorMesas::ControladorMesas()::<lambda()>)[m[Kâ€™
  151 | auto timer_nav2_check = [01;31m[Kthis->create_wall_timer([m[K
      |                         [01;31m[K~~~~~~~~~~~~~~~~~~~~~~~^[m[K
  152 | [01;31m[K    std::chrono::milliseconds(300),[m[K
      |     [01;31m[K~~~~~~~~~~~~~~~~~~~~~~~~~~~~~~~[m[K             
  153 | [01;31m[K    [this]() mutable {[m[K
      |     [01;31m[K~~~~~~~~~~~~~~~~~~[m[K                          
  154 | [01;31m[K        RCLCPP_INFO(this->get_logger(),[m[K
      |         [01;31m[K~~~~~~~~~~~~~~~~~~~~~~~~~~~~~~~[m[K         
  155 | [01;31m[K            "=== ANALISIS INICIAL NAV2 ===");[m[K
      |             [01;31m[K~~~~~~~~~~~~~~~~~~~~~~~~~~~~~~~~~[m[K   
  156 | 
      |                                                 
  157 | [01;31m[K        bool ok = nav2Disponible();[m[K
      |         [01;31m[K~~~~~~~~~~~~~~~~~~~~~~~~~~~[m[K             
  158 | 
      |                                                 
  159 | [01;31m[K        if (ok) {[m[K
      |         [01;31m[K~~~~~~~~~[m[K                               
  160 | [01;31m[K            RCLCPP_INFO(this->get_logger(),[m[K
      |             [01;31m[K~~~~~~~~~~~~~~~~~~~~~~~~~~~~~~~[m[K     
  161 | [01;31m[K                "[INIT] Nav2 estÃ¡ DISPONIBLE al inicio.");[m[K
      |                 [01;31m[K~~~~~~~~~~~~~~~~~~~~~~~~~~~~~~~~~~~~~~~~~~[m[K
  162 | [01;31m[K        } else {[m[K
      |         [01;31m[K~~~~~~~~[m[K                                
  163 | [01;31m[K            RCLCPP_WARN(this->get_logger(),[m[K
      |             [01;31m[K~~~~~~~~~~~~~~~~~~~~~~~~~~~~~~~[m[K     
  164 | [01;31m[K                "[INIT] Nav2 NO estÃ¡ disponible al inicio.");[m[K
      |                 [01;31m[K~~~~~~~~~~~~~~~~~~~~~~~~~~~~~~~~~~~~~~~~~~~~~[m[K
  165 | [01;31m[K        }[m[K
      |         [01;31m[K~[m[K                                       
  166 | 
      |                                                 
  167 | [01;31m[K        RCLCPP_INFO(this->get_logger(),[m[K
      |         [01;31m[K~~~~~~~~~~~~~~~~~~~~~~~~~~~~~~~[m[K         
  168 | [01;31m[K            "=== FIN ANALISIS NAV2 ===");[m[K
      |             [01;31m[K~~~~~~~~~~~~~~~~~~~~~~~~~~~~~[m[K       
  169 | 
      |                                                 
  170 | [01;31m[K        // Cancelar este timer, solo corre una vez[m[K
      |         [01;31m[K~~~~~~~~~~~~~~~~~~~~~~~~~~~~~~~~~~~~~~~~~~[m[K
  171 | [01;31m[K        this->get_node_timers()[0]->cancel();[m[K
      |         [01;31m[K~~~~~~~~~~~~~~~~~~~~~~~~~~~~~~~~~~~~~[m[K   
  172 | [01;31m[K    }[m[K
      |     [01;31m[K~[m[K                                           
  173 | [01;31m[K)[m[K;
      | [01;31m[K~[m[K                                               
In file included from [01m[K/opt/ros/jazzy/include/rclcpp/rclcpp/node.hpp:1663[m[K,
                 from [01m[K/opt/ros/jazzy/include/rclcpp/rclcpp/executors/single_threaded_executor.hpp:28[m[K,
                 from [01m[K/opt/ros/jazzy/include/rclcpp/rclcpp/executors.hpp:22[m[K:
[01m[K/opt/ros/jazzy/include/rclcpp/rclcpp/node_impl.hpp:110:1:[m[K [01;36m[Knote: [m[Kcandidate: â€˜[01m[Ktemplate<class DurationRepT, class DurationT, class CallbackT> typename rclcpp::WallTimer<CallbackT>::SharedPtr rclcpp::Node::[01;32m[Kcreate_wall_timer[m[K(std::chrono::duration<_Rep1, _Period1>, CallbackT, rclcpp::CallbackGroup::SharedPtr, bool)[m[Kâ€™
  110 | [01;36m[KNode[m[K::create_wall_timer(
      | [01;36m[K^~~~[m[K
[01m[K/opt/ros/jazzy/include/rclcpp/rclcpp/node_impl.hpp:110:1:[m[K [01;36m[Knote: [m[K  substitution of deduced template arguments resulted in errors seen above
gmake[2]: *** [CMakeFiles/controlador_multiple.dir/build.make:76: CMakeFiles/controlador_multiple.dir/src/controlador_multiple.cpp.o] Error 1
gmake[1]: *** [CMakeFiles/Makefile2:137: CMakeFiles/controlador_multiple.dir/all] Error 2
gmake: *** [Makefile:146: all] Error 2
